<?xml version="1.0" encoding="UTF-8"?>
<testsuite xmlns:xsi="http://www.w3.org/2001/XMLSchema-instance" xsi:noNamespaceSchemaLocation="https://maven.apache.org/surefire/maven-surefire-plugin/xsd/surefire-test-report-3.0.xsd" version="3.0" name="org.example.DemoTest" time="0.039" tests="3" errors="0" skipped="0" failures="0">
  <properties>
[...]
</properties>
  <testcase name="test1" classname="org.example.DemoTest" time="0.006">
    <system-out><![CDATA[hello test1
]]></system-out>
  </testcase>
  <testcase name="test2" classname="org.example.DemoTest" time="0.001">
    <system-out><![CDATA[hello test2
]]></system-out>
  </testcase>
  <testcase name="test3" classname="org.example.DemoTest" time="0.001">
    <system-out><![CDATA[hello test3
]]></system-out>
  </testcase>
</testsuite>